[ 74683.426] (II) config/udev: Adding input device eGalax Inc. USB TouchController (/dev/input/mouse2)
[ 74683.426] (II) No input driver specified, ignoring this device.
[ 74683.426] (II) This device may have been added with another device file.
[ 74683.427] (II) config/udev: Adding input device eGalax Inc. USB TouchController (/dev/input/js0)
[ 74683.427] (II) No input driver specified, ignoring this device.
[ 74683.427] (II) This device may have been added with another device file.
[ 74683.428] (II) config/udev: Adding input device eGalax Inc. USB TouchController Touchscreen (/dev/input/mouse3)
[ 74683.428] (II) No input driver specified, ignoring this device.
[ 74683.428] (II) This device may have been added with another device file.
[ 74683.558] (II) config/udev: Adding input device eGalax Inc. USB TouchController Touchscreen (/dev/input/event19)
[ 74683.558] (**) eGalax Inc. USB TouchController Touchscreen: Applying InputClass "libinput tablet catchall"
[ 74683.558] (**) eGalax Inc. USB TouchController Touchscreen: Applying InputClass "eGalax usbhid class"
[ 74683.558] (II) LoadModule: "evdev"
[ 74683.558] (WW) Warning, couldn't open module evdev
[ 74683.558] (EE) Failed to load module "evdev" (module does not exist, 0)
[ 74683.558] (EE) No input driver matching `evdev'
[ 74683.558] (II) Falling back to input driver `libinput'
[ 74683.558] (II) Using input driver 'libinput' for 'eGalax Inc. USB TouchController Touchscreen'
[ 74683.558] (**) eGalax Inc. USB TouchController Touchscreen: always reports core events
[ 74683.558] (**) Option "Device" "/dev/input/event19"
[ 74683.615] (II) event19 - eGalax Inc. USB TouchController Touchscreen: is tagged by udev as: Tablet
[ 74683.628] (EE) event19 - eGalax Inc. USB TouchController Touchscreen: libinput bug: missing tablet capabilities: btn-stylus resolution. Ignoring this device.
[ 74683.629] (II) event19 - eGalax Inc. USB TouchController Touchscreen: device is a tablet
[ 74683.694] (II) event19 - failed to create input device '/dev/input/event19'.
[ 74683.694] (EE) libinput: eGalax Inc. USB TouchController Touchscreen: Failed to create a device for /dev/input/event19
[ 74683.694] (EE) PreInit returned 2 for "eGalax Inc. USB TouchController Touchscreen"
[ 74683.694] (II) UnloadModule: "libinput"
[ 74683.696] (II) config/udev: Adding input device eGalax Inc. USB TouchController (/dev/input/event18)
[ 74683.696] (**) eGalax Inc. USB TouchController: Applying InputClass "libinput pointer catchall"
[ 74683.696] (**) eGalax Inc. USB TouchController: Applying InputClass "eGalax usbhid class"
[ 74683.696] (II) LoadModule: "evdev"
[ 74683.696] (WW) Warning, couldn't open module evdev
[ 74683.696] (EE) Failed to load module "evdev" (module does not exist, 0)
[ 74683.696] (EE) No input driver matching `evdev'
[ 74683.696] (II) Falling back to input driver `libinput'
[ 74683.696] (II) Using input driver 'libinput' for 'eGalax Inc. USB TouchController'
[ 74683.696] (**) eGalax Inc. USB TouchController: always reports core events
[ 74683.696] (**) Option "Device" "/dev/input/event18"
[ 74683.751] (II) event18 - eGalax Inc. USB TouchController: is tagged by udev as: Mouse
[ 74683.752] (II) event18 - eGalax Inc. USB TouchController: device is a pointer
[ 74683.753] (II) event18 - eGalax Inc. USB TouchController: device removed
[ 74683.817] (**) Option "config_info" "udev:/sys/devices/pci0000:00/0000:00:08.1/0000:07:00.3/usb3/3-2/3-2:1.0/0003:0EEF:0001.000E/input/input57/event18"
[ 74683.817] (II) XINPUT: Adding extended input device "eGalax Inc. USB TouchController" (type: MOUSE, id 12)
[ 74683.817] (**) Option "AccelerationScheme" "none"
[ 74683.818] (**) eGalax Inc. USB TouchController: (accel) selected scheme none/0
[ 74683.818] (**) eGalax Inc. USB TouchController: (accel) acceleration factor: 2.000
[ 74683.818] (**) eGalax Inc. USB TouchController: (accel) acceleration threshold: 4
[ 74683.875] (II) event18 - eGalax Inc. USB TouchController: is tagged by udev as: Mouse
[ 74683.875] (II) event18 - eGalax Inc. USB TouchController: device is a pointer