00000000: 00000010 00000011 00111011 00000001 00110010 00000001  ..;.2.
00000006: 00000010 00000011 00111001 00000001 00110010 00000001  ..9.2.
0000000c: 00000010 00000011 00111000 00000001 00110001 00000001  ..8.1.
00000012: 00000010 00000011 00111000 00000001 00110011 00000001  ..8.3.
00000018: 00000010 00000011 00110110 00000001 00110110 00000001  ..6.6.
0000001e: 00000010 00000011 00110101 00000001 00111001 00000001  ..5.9.
00000024: 00000010 00000010 00110101 00000001 00111001 00000001  ..5.9.
0000002a: 00000010 00000011 01000101 00000001 10101100 00001110  ..E...
00000030: 00000010 00000011 01000100 00000001 10101100 00001110  ..D...
00000036: 00000010 00000011 01000011 00000001 10101100 00001110  ..C...
0000003c: 00000010 00000011 01000011 00000001 10101100 00001110  ..C...
00000042: 00000010 00000011 01000010 00000001 10101011 00001110  ..B...
00000048: 00000010 00000011 00111110 00000001 10101001 00001110  ..>...
0000004e: 00000010 00000011 00111010 00000001 10101000 00001110  ..:...
00000054: 00000010 00000011 00110111 00000001 10100111 00001110  ..7...
0000005a: 00000010 00000010 00110111 00000001 10100111 00001110  ..7...
00000060: 00000010 00000011 10000101 00001110 10010110 00001110  ......
00000066: 00000010 00000011 10001100 00001110 10010101 00001110  ......
0000006c: 00000010 00000011 10011001 00001110 10010101 00001110  ......
00000072: 00000010 00000011 10011111 00001110 10010110 00001110  ......
00000078: 00000010 00000011 10100010 00001110 10010111 00001110  ......
0000007e: 00000010 00000011 10100100 00001110 10010111 00001110  ......
00000084: 00000010 00000011 10100110 00001110 10011000 00001110  ......
0000008a: 00000010 00000011 10101000 00001110 10011000 00001110  ......
00000090: 00000010 00000011 10101000 00001110 10011001 00001110  ......
00000096: 00000010 00000011 10101001 00001110 10010111 00001110  ......
0000009c: 00000010 00000010 10101001 00001110 10010111 00001110  ......
000000a2: 00000010 00000011 01111001 00001110 01001101 00000001  ..y.M.
000000a8: 00000010 00000011 10000110 00001110 01001001 00000001  ....I.
000000ae: 00000010 00000011 10001011 00001110 01001011 00000001  ....K.
000000b4: 00000010 00000011 10001110 00001110 01001100 00000001  ....L.
000000ba: 00000010 00000011 10010000 00001110 01001110 00000001  ....N.
000000c0: 00000010 00000011 10010010 00001110 01001110 00000001  ....N.
000000c6: 00000010 00000011 10010011 00001110 01001110 00000001  ....N.
000000cc: 00000010 00000011 10010100 00001110 01001101 00000001  ....M.
000000d2: 00000010 00000011 10010101 00001110 01001111 00000001  ....O.
000000d8: 00000010 00000011 10010110 00001110 01001110 00000001  ....N.
000000de: 00000010 00000011 10010110 00001110 01001110 00000001  ....N.
000000e4: 00000010 00000011 10010110 00001110 01001111 00000001  ....O.
000000ea: 00000010 00000011 10010111 00001110 01001111 00000001  ....O.
000000f0: 00000010 00000011 10010110 00001110 01010010 00000001  ....R.
000000f6: 00000010 00000010 10010110 00001110 01010010 00000001  ....R.